<?xml version="1.0" encoding="UTF-8"?>
<!-- Generated by org.testng.reporters.JUnitReportReporter -->
<testsuite hostname="POCLAPTOP008" name="com.TestCases.E2E_RegisterdUser" tests="1" failures="0" timestamp="2 Oct 2018 06:25:35 GMT" time="189.890" errors="0">
  <testcase name="login" time="189.890" classname="com.TestCases.E2E_RegisterdUser"/>
</testsuite> <!-- com.TestCases.E2E_RegisterdUser -->
